{"level":"error","message":"âœ˜ Completions for node failed: Error: [NamedArgument]{d242ee} at mensajeria.wtest:6 exhausted all cases without a match [NamedArgument]{d242ee} at mensajeria.wtest:6 exhausted all cases without a match","stack":"Error: [NamedArgument]{d242ee} at mensajeria.wtest:6 exhausted all cases without a match\n    at c:\\Users\\santi\\.vscode\\extensions\\uqbar.wollok-lsp-ide-0.3.6\\out\\server\\src\\server.js:38:6067\n    at yh (c:\\Users\\santi\\.vscode\\extensions\\uqbar.wollok-lsp-ide-0.3.6\\out\\server\\src\\server.js:2291:42)\n    at c:\\Users\\santi\\.vscode\\extensions\\uqbar.wollok-lsp-ide-0.3.6\\out\\server\\src\\server.js:2291:2700\n    at c:\\Users\\santi\\.vscode\\extensions\\uqbar.wollok-lsp-ide-0.3.6\\out\\server\\src\\server.js:2298:3774\n    at c:\\Users\\santi\\.vscode\\extensions\\uqbar.wollok-lsp-ide-0.3.6\\out\\server\\src\\server.js:37:74872\n    at Fe (c:\\Users\\santi\\.vscode\\extensions\\uqbar.wollok-lsp-ide-0.3.6\\out\\server\\src\\server.js:7:8527)\n    at Pt (c:\\Users\\santi\\.vscode\\extensions\\uqbar.wollok-lsp-ide-0.3.6\\out\\server\\src\\server.js:7:6189)\n    at Gi (c:\\Users\\santi\\.vscode\\extensions\\uqbar.wollok-lsp-ide-0.3.6\\out\\server\\src\\server.js:7:6378)\n    at Immediate._onImmediate (c:\\Users\\santi\\.vscode\\extensions\\uqbar.wollok-lsp-ide-0.3.6\\out\\server\\src\\server.js:7:6142)\n    at process.processImmediate (node:internal/timers:483:21)","timestamp":"2024-11-19T20:42:50.827Z"}
{"level":"error","message":"âœ˜ Completions for node failed: Error: [NamedArgument]{fea40c} at mensajeria.wtest:6 exhausted all cases without a match [NamedArgument]{fea40c} at mensajeria.wtest:6 exhausted all cases without a match","stack":"Error: [NamedArgument]{fea40c} at mensajeria.wtest:6 exhausted all cases without a match\n    at c:\\Users\\santi\\.vscode\\extensions\\uqbar.wollok-lsp-ide-0.3.6\\out\\server\\src\\server.js:38:6067\n    at yh (c:\\Users\\santi\\.vscode\\extensions\\uqbar.wollok-lsp-ide-0.3.6\\out\\server\\src\\server.js:2291:42)\n    at c:\\Users\\santi\\.vscode\\extensions\\uqbar.wollok-lsp-ide-0.3.6\\out\\server\\src\\server.js:2291:2700\n    at c:\\Users\\santi\\.vscode\\extensions\\uqbar.wollok-lsp-ide-0.3.6\\out\\server\\src\\server.js:2298:3774\n    at c:\\Users\\santi\\.vscode\\extensions\\uqbar.wollok-lsp-ide-0.3.6\\out\\server\\src\\server.js:37:74872\n    at Fe (c:\\Users\\santi\\.vscode\\extensions\\uqbar.wollok-lsp-ide-0.3.6\\out\\server\\src\\server.js:7:8527)\n    at Pt (c:\\Users\\santi\\.vscode\\extensions\\uqbar.wollok-lsp-ide-0.3.6\\out\\server\\src\\server.js:7:6189)\n    at Gi (c:\\Users\\santi\\.vscode\\extensions\\uqbar.wollok-lsp-ide-0.3.6\\out\\server\\src\\server.js:7:6378)\n    at Immediate._onImmediate (c:\\Users\\santi\\.vscode\\extensions\\uqbar.wollok-lsp-ide-0.3.6\\out\\server\\src\\server.js:7:6142)\n    at process.processImmediate (node:internal/timers:483:21)","timestamp":"2024-11-19T20:42:51.229Z"}
{"level":"error","message":"âœ˜ Completions for node failed: Error: [NamedArgument]{45f916} at mensajeria.wtest:6 exhausted all cases without a match [NamedArgument]{45f916} at mensajeria.wtest:6 exhausted all cases without a match","stack":"Error: [NamedArgument]{45f916} at mensajeria.wtest:6 exhausted all cases without a match\n    at c:\\Users\\santi\\.vscode\\extensions\\uqbar.wollok-lsp-ide-0.3.6\\out\\server\\src\\server.js:38:6067\n    at yh (c:\\Users\\santi\\.vscode\\extensions\\uqbar.wollok-lsp-ide-0.3.6\\out\\server\\src\\server.js:2291:42)\n    at c:\\Users\\santi\\.vscode\\extensions\\uqbar.wollok-lsp-ide-0.3.6\\out\\server\\src\\server.js:2291:2700\n    at c:\\Users\\santi\\.vscode\\extensions\\uqbar.wollok-lsp-ide-0.3.6\\out\\server\\src\\server.js:2298:3774\n    at c:\\Users\\santi\\.vscode\\extensions\\uqbar.wollok-lsp-ide-0.3.6\\out\\server\\src\\server.js:37:74872\n    at Fe (c:\\Users\\santi\\.vscode\\extensions\\uqbar.wollok-lsp-ide-0.3.6\\out\\server\\src\\server.js:7:8527)\n    at Pt (c:\\Users\\santi\\.vscode\\extensions\\uqbar.wollok-lsp-ide-0.3.6\\out\\server\\src\\server.js:7:6189)\n    at Gi (c:\\Users\\santi\\.vscode\\extensions\\uqbar.wollok-lsp-ide-0.3.6\\out\\server\\src\\server.js:7:6378)\n    at Immediate._onImmediate (c:\\Users\\santi\\.vscode\\extensions\\uqbar.wollok-lsp-ide-0.3.6\\out\\server\\src\\server.js:7:6142)\n    at process.processImmediate (node:internal/timers:483:21)","timestamp":"2024-11-19T20:42:51.397Z"}
{"level":"error","message":"âœ˜ Completions for node failed: Error: [NamedArgument]{c00626} at mensajeria.wtest:6 exhausted all cases without a match [NamedArgument]{c00626} at mensajeria.wtest:6 exhausted all cases without a match","stack":"Error: [NamedArgument]{c00626} at mensajeria.wtest:6 exhausted all cases without a match\n    at c:\\Users\\santi\\.vscode\\extensions\\uqbar.wollok-lsp-ide-0.3.6\\out\\server\\src\\server.js:38:6067\n    at yh (c:\\Users\\santi\\.vscode\\extensions\\uqbar.wollok-lsp-ide-0.3.6\\out\\server\\src\\server.js:2291:42)\n    at c:\\Users\\santi\\.vscode\\extensions\\uqbar.wollok-lsp-ide-0.3.6\\out\\server\\src\\server.js:2291:2700\n    at c:\\Users\\santi\\.vscode\\extensions\\uqbar.wollok-lsp-ide-0.3.6\\out\\server\\src\\server.js:2298:3774\n    at c:\\Users\\santi\\.vscode\\extensions\\uqbar.wollok-lsp-ide-0.3.6\\out\\server\\src\\server.js:37:74872\n    at Fe (c:\\Users\\santi\\.vscode\\extensions\\uqbar.wollok-lsp-ide-0.3.6\\out\\server\\src\\server.js:7:8527)\n    at Pt (c:\\Users\\santi\\.vscode\\extensions\\uqbar.wollok-lsp-ide-0.3.6\\out\\server\\src\\server.js:7:6189)\n    at Gi (c:\\Users\\santi\\.vscode\\extensions\\uqbar.wollok-lsp-ide-0.3.6\\out\\server\\src\\server.js:7:6378)\n    at Immediate._onImmediate (c:\\Users\\santi\\.vscode\\extensions\\uqbar.wollok-lsp-ide-0.3.6\\out\\server\\src\\server.js:7:6142)\n    at process.processImmediate (node:internal/timers:483:21)","timestamp":"2024-11-19T20:42:51.566Z"}
{"level":"error","message":"âœ˜ Completions for node failed: Error: [NamedArgument]{2e79a5} at mensajeria.wtest:6 exhausted all cases without a match [NamedArgument]{2e79a5} at mensajeria.wtest:6 exhausted all cases without a match","stack":"Error: [NamedArgument]{2e79a5} at mensajeria.wtest:6 exhausted all cases without a match\n    at c:\\Users\\santi\\.vscode\\extensions\\uqbar.wollok-lsp-ide-0.3.6\\out\\server\\src\\server.js:38:6067\n    at yh (c:\\Users\\santi\\.vscode\\extensions\\uqbar.wollok-lsp-ide-0.3.6\\out\\server\\src\\server.js:2291:42)\n    at c:\\Users\\santi\\.vscode\\extensions\\uqbar.wollok-lsp-ide-0.3.6\\out\\server\\src\\server.js:2291:2700\n    at c:\\Users\\santi\\.vscode\\extensions\\uqbar.wollok-lsp-ide-0.3.6\\out\\server\\src\\server.js:2298:3774\n    at c:\\Users\\santi\\.vscode\\extensions\\uqbar.wollok-lsp-ide-0.3.6\\out\\server\\src\\server.js:37:74872\n    at Fe (c:\\Users\\santi\\.vscode\\extensions\\uqbar.wollok-lsp-ide-0.3.6\\out\\server\\src\\server.js:7:8527)\n    at Pt (c:\\Users\\santi\\.vscode\\extensions\\uqbar.wollok-lsp-ide-0.3.6\\out\\server\\src\\server.js:7:6189)\n    at Gi (c:\\Users\\santi\\.vscode\\extensions\\uqbar.wollok-lsp-ide-0.3.6\\out\\server\\src\\server.js:7:6378)\n    at Immediate._onImmediate (c:\\Users\\santi\\.vscode\\extensions\\uqbar.wollok-lsp-ide-0.3.6\\out\\server\\src\\server.js:7:6142)\n    at process.processImmediate (node:internal/timers:483:21)","timestamp":"2024-11-19T20:42:51.824Z"}
{"level":"error","message":"âœ˜ Completions for node failed: Error: [NamedArgument]{fa4e70} at mensajeria.wtest:6 exhausted all cases without a match [NamedArgument]{fa4e70} at mensajeria.wtest:6 exhausted all cases without a match","stack":"Error: [NamedArgument]{fa4e70} at mensajeria.wtest:6 exhausted all cases without a match\n    at c:\\Users\\santi\\.vscode\\extensions\\uqbar.wollok-lsp-ide-0.3.6\\out\\server\\src\\server.js:38:6067\n    at yh (c:\\Users\\santi\\.vscode\\extensions\\uqbar.wollok-lsp-ide-0.3.6\\out\\server\\src\\server.js:2291:42)\n    at c:\\Users\\santi\\.vscode\\extensions\\uqbar.wollok-lsp-ide-0.3.6\\out\\server\\src\\server.js:2291:2700\n    at c:\\Users\\santi\\.vscode\\extensions\\uqbar.wollok-lsp-ide-0.3.6\\out\\server\\src\\server.js:2298:3774\n    at c:\\Users\\santi\\.vscode\\extensions\\uqbar.wollok-lsp-ide-0.3.6\\out\\server\\src\\server.js:37:74872\n    at Fe (c:\\Users\\santi\\.vscode\\extensions\\uqbar.wollok-lsp-ide-0.3.6\\out\\server\\src\\server.js:7:8527)\n    at Pt (c:\\Users\\santi\\.vscode\\extensions\\uqbar.wollok-lsp-ide-0.3.6\\out\\server\\src\\server.js:7:6189)\n    at Gi (c:\\Users\\santi\\.vscode\\extensions\\uqbar.wollok-lsp-ide-0.3.6\\out\\server\\src\\server.js:7:6378)\n    at Immediate._onImmediate (c:\\Users\\santi\\.vscode\\extensions\\uqbar.wollok-lsp-ide-0.3.6\\out\\server\\src\\server.js:7:6142)\n    at process.processImmediate (node:internal/timers:483:21)","timestamp":"2024-11-19T20:42:51.965Z"}
{"level":"error","message":"âœ˜ Completions for node failed: Error: [NamedArgument]{32e6e2} at mensajeria.wtest:6 exhausted all cases without a match [NamedArgument]{32e6e2} at mensajeria.wtest:6 exhausted all cases without a match","stack":"Error: [NamedArgument]{32e6e2} at mensajeria.wtest:6 exhausted all cases without a match\n    at c:\\Users\\santi\\.vscode\\extensions\\uqbar.wollok-lsp-ide-0.3.6\\out\\server\\src\\server.js:38:6067\n    at yh (c:\\Users\\santi\\.vscode\\extensions\\uqbar.wollok-lsp-ide-0.3.6\\out\\server\\src\\server.js:2291:42)\n    at c:\\Users\\santi\\.vscode\\extensions\\uqbar.wollok-lsp-ide-0.3.6\\out\\server\\src\\server.js:2291:2700\n    at c:\\Users\\santi\\.vscode\\extensions\\uqbar.wollok-lsp-ide-0.3.6\\out\\server\\src\\server.js:2298:3774\n    at c:\\Users\\santi\\.vscode\\extensions\\uqbar.wollok-lsp-ide-0.3.6\\out\\server\\src\\server.js:37:74872\n    at Fe (c:\\Users\\santi\\.vscode\\extensions\\uqbar.wollok-lsp-ide-0.3.6\\out\\server\\src\\server.js:7:8527)\n    at Pt (c:\\Users\\santi\\.vscode\\extensions\\uqbar.wollok-lsp-ide-0.3.6\\out\\server\\src\\server.js:7:6189)\n    at Gi (c:\\Users\\santi\\.vscode\\extensions\\uqbar.wollok-lsp-ide-0.3.6\\out\\server\\src\\server.js:7:6378)\n    at Immediate._onImmediate (c:\\Users\\santi\\.vscode\\extensions\\uqbar.wollok-lsp-ide-0.3.6\\out\\server\\src\\server.js:7:6142)\n    at process.processImmediate (node:internal/timers:483:21)","timestamp":"2024-11-19T20:42:52.193Z"}
{"level":"info","message":"âŒ› Validating mensajeria.wtest","timeElapsed":111,"timestamp":"2024-11-19T20:42:59.138Z"}
{"level":"error","message":"âœ˜ Completions for node failed: Error: [NamedArgument]{d26716} at mensajeria.wtest:8 exhausted all cases without a match [NamedArgument]{d26716} at mensajeria.wtest:8 exhausted all cases without a match","stack":"Error: [NamedArgument]{d26716} at mensajeria.wtest:8 exhausted all cases without a match\n    at c:\\Users\\santi\\.vscode\\extensions\\uqbar.wollok-lsp-ide-0.3.6\\out\\server\\src\\server.js:38:6067\n    at yh (c:\\Users\\santi\\.vscode\\extensions\\uqbar.wollok-lsp-ide-0.3.6\\out\\server\\src\\server.js:2291:42)\n    at c:\\Users\\santi\\.vscode\\extensions\\uqbar.wollok-lsp-ide-0.3.6\\out\\server\\src\\server.js:2291:2700\n    at c:\\Users\\santi\\.vscode\\extensions\\uqbar.wollok-lsp-ide-0.3.6\\out\\server\\src\\server.js:2298:3774\n    at c:\\Users\\santi\\.vscode\\extensions\\uqbar.wollok-lsp-ide-0.3.6\\out\\server\\src\\server.js:37:74872\n    at Fe (c:\\Users\\santi\\.vscode\\extensions\\uqbar.wollok-lsp-ide-0.3.6\\out\\server\\src\\server.js:7:8527)\n    at Pt (c:\\Users\\santi\\.vscode\\extensions\\uqbar.wollok-lsp-ide-0.3.6\\out\\server\\src\\server.js:7:6189)\n    at Gi (c:\\Users\\santi\\.vscode\\extensions\\uqbar.wollok-lsp-ide-0.3.6\\out\\server\\src\\server.js:7:6378)\n    at Immediate._onImmediate (c:\\Users\\santi\\.vscode\\extensions\\uqbar.wollok-lsp-ide-0.3.6\\out\\server\\src\\server.js:7:6142)\n    at process.processImmediate (node:internal/timers:483:21)","timestamp":"2024-11-19T20:43:33.340Z"}
{"level":"error","message":"âœ˜ Completions for node failed: Error: [NamedArgument]{948b17} at mensajeria.wtest:8 exhausted all cases without a match [NamedArgument]{948b17} at mensajeria.wtest:8 exhausted all cases without a match","stack":"Error: [NamedArgument]{948b17} at mensajeria.wtest:8 exhausted all cases without a match\n    at c:\\Users\\santi\\.vscode\\extensions\\uqbar.wollok-lsp-ide-0.3.6\\out\\server\\src\\server.js:38:6067\n    at yh (c:\\Users\\santi\\.vscode\\extensions\\uqbar.wollok-lsp-ide-0.3.6\\out\\server\\src\\server.js:2291:42)\n    at c:\\Users\\santi\\.vscode\\extensions\\uqbar.wollok-lsp-ide-0.3.6\\out\\server\\src\\server.js:2291:2700\n    at c:\\Users\\santi\\.vscode\\extensions\\uqbar.wollok-lsp-ide-0.3.6\\out\\server\\src\\server.js:2298:3774\n    at c:\\Users\\santi\\.vscode\\extensions\\uqbar.wollok-lsp-ide-0.3.6\\out\\server\\src\\server.js:37:74872\n    at Fe (c:\\Users\\santi\\.vscode\\extensions\\uqbar.wollok-lsp-ide-0.3.6\\out\\server\\src\\server.js:7:8527)\n    at Pt (c:\\Users\\santi\\.vscode\\extensions\\uqbar.wollok-lsp-ide-0.3.6\\out\\server\\src\\server.js:7:6189)\n    at Gi (c:\\Users\\santi\\.vscode\\extensions\\uqbar.wollok-lsp-ide-0.3.6\\out\\server\\src\\server.js:7:6378)\n    at Immediate._onImmediate (c:\\Users\\santi\\.vscode\\extensions\\uqbar.wollok-lsp-ide-0.3.6\\out\\server\\src\\server.js:7:6142)\n    at process.processImmediate (node:internal/timers:483:21)","timestamp":"2024-11-19T20:43:33.532Z"}
{"level":"error","message":"âœ˜ Completions for node failed: Error: [NamedArgument]{25ae96} at mensajeria.wtest:8 exhausted all cases without a match [NamedArgument]{25ae96} at mensajeria.wtest:8 exhausted all cases without a match","stack":"Error: [NamedArgument]{25ae96} at mensajeria.wtest:8 exhausted all cases without a match\n    at c:\\Users\\santi\\.vscode\\extensions\\uqbar.wollok-lsp-ide-0.3.6\\out\\server\\src\\server.js:38:6067\n    at yh (c:\\Users\\santi\\.vscode\\extensions\\uqbar.wollok-lsp-ide-0.3.6\\out\\server\\src\\server.js:2291:42)\n    at c:\\Users\\santi\\.vscode\\extensions\\uqbar.wollok-lsp-ide-0.3.6\\out\\server\\src\\server.js:2291:2700\n    at c:\\Users\\santi\\.vscode\\extensions\\uqbar.wollok-lsp-ide-0.3.6\\out\\server\\src\\server.js:2298:3774\n    at c:\\Users\\santi\\.vscode\\extensions\\uqbar.wollok-lsp-ide-0.3.6\\out\\server\\src\\server.js:37:74872\n    at Fe (c:\\Users\\santi\\.vscode\\extensions\\uqbar.wollok-lsp-ide-0.3.6\\out\\server\\src\\server.js:7:8527)\n    at Pt (c:\\Users\\santi\\.vscode\\extensions\\uqbar.wollok-lsp-ide-0.3.6\\out\\server\\src\\server.js:7:6189)\n    at Gi (c:\\Users\\santi\\.vscode\\extensions\\uqbar.wollok-lsp-ide-0.3.6\\out\\server\\src\\server.js:7:6378)\n    at Immediate._onImmediate (c:\\Users\\santi\\.vscode\\extensions\\uqbar.wollok-lsp-ide-0.3.6\\out\\server\\src\\server.js:7:6142)\n    at process.processImmediate (node:internal/timers:483:21)","timestamp":"2024-11-19T20:43:33.688Z"}
{"level":"error","message":"âœ˜ Completions for node failed: Error: [NamedArgument]{4845c6} at mensajeria.wtest:8 exhausted all cases without a match [NamedArgument]{4845c6} at mensajeria.wtest:8 exhausted all cases without a match","stack":"Error: [NamedArgument]{4845c6} at mensajeria.wtest:8 exhausted all cases without a match\n    at c:\\Users\\santi\\.vscode\\extensions\\uqbar.wollok-lsp-ide-0.3.6\\out\\server\\src\\server.js:38:6067\n    at yh (c:\\Users\\santi\\.vscode\\extensions\\uqbar.wollok-lsp-ide-0.3.6\\out\\server\\src\\server.js:2291:42)\n    at c:\\Users\\santi\\.vscode\\extensions\\uqbar.wollok-lsp-ide-0.3.6\\out\\server\\src\\server.js:2291:2700\n    at c:\\Users\\santi\\.vscode\\extensions\\uqbar.wollok-lsp-ide-0.3.6\\out\\server\\src\\server.js:2298:3774\n    at c:\\Users\\santi\\.vscode\\extensions\\uqbar.wollok-lsp-ide-0.3.6\\out\\server\\src\\server.js:37:74872\n    at Fe (c:\\Users\\santi\\.vscode\\extensions\\uqbar.wollok-lsp-ide-0.3.6\\out\\server\\src\\server.js:7:8527)\n    at Pt (c:\\Users\\santi\\.vscode\\extensions\\uqbar.wollok-lsp-ide-0.3.6\\out\\server\\src\\server.js:7:6189)\n    at Gi (c:\\Users\\santi\\.vscode\\extensions\\uqbar.wollok-lsp-ide-0.3.6\\out\\server\\src\\server.js:7:6378)\n    at Immediate._onImmediate (c:\\Users\\santi\\.vscode\\extensions\\uqbar.wollok-lsp-ide-0.3.6\\out\\server\\src\\server.js:7:6142)\n    at process.processImmediate (node:internal/timers:483:21)","timestamp":"2024-11-19T20:43:33.858Z"}
{"level":"error","message":"âœ˜ Completions for node failed: Error: [NamedArgument]{19606c} at mensajeria.wtest:8 exhausted all cases without a match [NamedArgument]{19606c} at mensajeria.wtest:8 exhausted all cases without a match","stack":"Error: [NamedArgument]{19606c} at mensajeria.wtest:8 exhausted all cases without a match\n    at c:\\Users\\santi\\.vscode\\extensions\\uqbar.wollok-lsp-ide-0.3.6\\out\\server\\src\\server.js:38:6067\n    at yh (c:\\Users\\santi\\.vscode\\extensions\\uqbar.wollok-lsp-ide-0.3.6\\out\\server\\src\\server.js:2291:42)\n    at c:\\Users\\santi\\.vscode\\extensions\\uqbar.wollok-lsp-ide-0.3.6\\out\\server\\src\\server.js:2291:2700\n    at c:\\Users\\santi\\.vscode\\extensions\\uqbar.wollok-lsp-ide-0.3.6\\out\\server\\src\\server.js:2298:3774\n    at c:\\Users\\santi\\.vscode\\extensions\\uqbar.wollok-lsp-ide-0.3.6\\out\\server\\src\\server.js:37:74872\n    at Fe (c:\\Users\\santi\\.vscode\\extensions\\uqbar.wollok-lsp-ide-0.3.6\\out\\server\\src\\server.js:7:8527)\n    at Pt (c:\\Users\\santi\\.vscode\\extensions\\uqbar.wollok-lsp-ide-0.3.6\\out\\server\\src\\server.js:7:6189)\n    at Gi (c:\\Users\\santi\\.vscode\\extensions\\uqbar.wollok-lsp-ide-0.3.6\\out\\server\\src\\server.js:7:6378)\n    at Immediate._onImmediate (c:\\Users\\santi\\.vscode\\extensions\\uqbar.wollok-lsp-ide-0.3.6\\out\\server\\src\\server.js:7:6142)\n    at process.processImmediate (node:internal/timers:483:21)","timestamp":"2024-11-19T20:43:34.628Z"}
{"level":"error","message":"âœ˜ Completions for node failed: Error: [Send]{d5880d} at mensajeria.wlk:12 exhausted all cases without a match [Send]{d5880d} at mensajeria.wlk:12 exhausted all cases without a match","stack":"Error: [Send]{d5880d} at mensajeria.wlk:12 exhausted all cases without a match\n    at c:\\Users\\santi\\.vscode\\extensions\\uqbar.wollok-lsp-ide-0.3.6\\out\\server\\src\\server.js:38:6067\n    at yh (c:\\Users\\santi\\.vscode\\extensions\\uqbar.wollok-lsp-ide-0.3.6\\out\\server\\src\\server.js:2291:42)\n    at kh (c:\\Users\\santi\\.vscode\\extensions\\uqbar.wollok-lsp-ide-0.3.6\\out\\server\\src\\server.js:2291:1004)\n    at Y5n (c:\\Users\\santi\\.vscode\\extensions\\uqbar.wollok-lsp-ide-0.3.6\\out\\server\\src\\server.js:2291:1160)\n    at c:\\Users\\santi\\.vscode\\extensions\\uqbar.wollok-lsp-ide-0.3.6\\out\\server\\src\\server.js:38:6056\n    at yh (c:\\Users\\santi\\.vscode\\extensions\\uqbar.wollok-lsp-ide-0.3.6\\out\\server\\src\\server.js:2291:42)\n    at c:\\Users\\santi\\.vscode\\extensions\\uqbar.wollok-lsp-ide-0.3.6\\out\\server\\src\\server.js:2291:2700\n    at c:\\Users\\santi\\.vscode\\extensions\\uqbar.wollok-lsp-ide-0.3.6\\out\\server\\src\\server.js:2298:3774\n    at c:\\Users\\santi\\.vscode\\extensions\\uqbar.wollok-lsp-ide-0.3.6\\out\\server\\src\\server.js:37:74872\n    at Fe (c:\\Users\\santi\\.vscode\\extensions\\uqbar.wollok-lsp-ide-0.3.6\\out\\server\\src\\server.js:7:8527)","timestamp":"2024-11-19T20:44:16.206Z"}
{"level":"error","message":"âœ˜ Completions for node failed: Error: [Return]{a619fd} at mensajeria.wlk:-- exhausted all cases without a match [Return]{a619fd} at mensajeria.wlk:-- exhausted all cases without a match","stack":"Error: [Return]{a619fd} at mensajeria.wlk:-- exhausted all cases without a match\n    at c:\\Users\\santi\\.vscode\\extensions\\uqbar.wollok-lsp-ide-0.3.6\\out\\server\\src\\server.js:38:6067\n    at yh (c:\\Users\\santi\\.vscode\\extensions\\uqbar.wollok-lsp-ide-0.3.6\\out\\server\\src\\server.js:2291:42)\n    at kh (c:\\Users\\santi\\.vscode\\extensions\\uqbar.wollok-lsp-ide-0.3.6\\out\\server\\src\\server.js:2291:1004)\n    at yh (c:\\Users\\santi\\.vscode\\extensions\\uqbar.wollok-lsp-ide-0.3.6\\out\\server\\src\\server.js:2291:456)\n    at kh (c:\\Users\\santi\\.vscode\\extensions\\uqbar.wollok-lsp-ide-0.3.6\\out\\server\\src\\server.js:2291:1004)\n    at Y5n (c:\\Users\\santi\\.vscode\\extensions\\uqbar.wollok-lsp-ide-0.3.6\\out\\server\\src\\server.js:2291:1160)\n    at c:\\Users\\santi\\.vscode\\extensions\\uqbar.wollok-lsp-ide-0.3.6\\out\\server\\src\\server.js:38:6056\n    at yh (c:\\Users\\santi\\.vscode\\extensions\\uqbar.wollok-lsp-ide-0.3.6\\out\\server\\src\\server.js:2291:42)\n    at c:\\Users\\santi\\.vscode\\extensions\\uqbar.wollok-lsp-ide-0.3.6\\out\\server\\src\\server.js:2291:2700\n    at c:\\Users\\santi\\.vscode\\extensions\\uqbar.wollok-lsp-ide-0.3.6\\out\\server\\src\\server.js:2298:3774","timestamp":"2024-11-19T20:44:16.207Z"}
{"level":"info","message":"onRequest - completionItem/resolve","timestamp":"2024-11-19T20:44:16.281Z"}
{"failures":[{"error":["wollok.lang.MessageNotUnderstoodException: a Chat does not understand espacioOcupado()","  at mensajeria.\"Wolloksapp\".\"Saber el espacio que ocupa un chat\" [mensajeria.wtest:12]"],"test":"mensajeria.\"Wolloksapp\".\"Saber el espacio que ocupa un chat\""},{"error":["wollok.lang.MessageNotUnderstoodException: a Chat does not understand mensajes()","  at mensajeria.\"Wolloksapp\".\"Enviar un mensaje a un chat\" [mensajeria.wtest:16]"],"test":"mensajeria.\"Wolloksapp\".\"Enviar un mensaje a un chat\""},{"error":["wollok.lang.MessageNotUnderstoodException: an Usuario does not understand mensajesMasPesados()","  at mensajeria.\"Wolloksapp\".\"Mensajes mas pesados\" [mensajeria.wtest:20]"],"test":"mensajeria.\"Wolloksapp\".\"Mensajes mas pesados\""},{"error":["wollok.lang.MessageNotUnderstoodException: an Usuario does not understand buscar(arg 0)","  at mensajeria.\"Wolloksapp\".\"Buscar\" [mensajeria.wtest:25]"],"test":"mensajeria.\"Wolloksapp\".\"Buscar\""}],"level":"info","message":"ðŸ§ª Test runner executed on c:\\Users\\santi\\Desktop\\ParcialesWollow","result":{"failed":4,"ok":0},"timeElapsed":552,"timestamp":"2024-11-19T20:44:28.413Z"}
{"level":"info","message":"âŒ› Validating mensajeria.wlk","timeElapsed":101,"timestamp":"2024-11-19T20:45:31.085Z"}
{"failures":[{"error":["wollok.lib.AssertionException: Expected <10.2> but found <0>","  at mensajeria.\"Wolloksapp\".\"Saber el espacio que ocupa un chat\" [mensajeria.wtest:12]"],"test":"mensajeria.\"Wolloksapp\".\"Saber el espacio que ocupa un chat\""},{"error":["wollok.lang.MessageNotUnderstoodException: a Mensaje does not understand emisor()","  at mensajeria.Chat.puedeEnviar(mensaje) [mensajeria.wlk:80]\r","  at mensajeria.Chat.enviarMensaje(mensaje) [mensajeria.wlk:72]\r","  at mensajeria.\"Wolloksapp\".\"Enviar un mensaje a un chat\" [mensajeria.wtest:16]"],"test":"mensajeria.\"Wolloksapp\".\"Enviar un mensaje a un chat\""},{"error":["wollok.lang.MessageNotUnderstoodException: an Usuario does not understand mensajesMasPesados()","  at mensajeria.\"Wolloksapp\".\"Mensajes mas pesados\" [mensajeria.wtest:21]"],"test":"mensajeria.\"Wolloksapp\".\"Mensajes mas pesados\""},{"error":["wollok.lang.MessageNotUnderstoodException: an Usuario does not understand buscar(arg 0)","  at mensajeria.\"Wolloksapp\".\"Buscar\" [mensajeria.wtest:26]"],"test":"mensajeria.\"Wolloksapp\".\"Buscar\""}],"level":"info","message":"ðŸ§ª Test runner executed on c:\\Users\\santi\\Desktop\\ParcialesWollow","result":{"failed":4,"ok":0},"timeElapsed":347,"timestamp":"2024-11-19T20:46:17.492Z"}
{"failures":[{"error":["wollok.lib.AssertionException: Expected <10.2> but found <0>","  at mensajeria.\"Wolloksapp\".\"Saber el espacio que ocupa un chat\" [mensajeria.wtest:12]"],"test":"mensajeria.\"Wolloksapp\".\"Saber el espacio que ocupa un chat\""},{"error":["wollok.lang.MessageNotUnderstoodException: a Mensaje does not understand emisor()","  at mensajeria.Chat.puedeEnviar(mensaje) [mensajeria.wlk:80]\r","  at mensajeria.Chat.enviarMensaje(mensaje) [mensajeria.wlk:72]\r","  at mensajeria.\"Wolloksapp\".\"Enviar un mensaje a un chat\" [mensajeria.wtest:16]"],"test":"mensajeria.\"Wolloksapp\".\"Enviar un mensaje a un chat\""},{"error":["wollok.lib.AssertionException: Expected <[a List (1)]> but found <[a List (0)]>","  at mensajeria.\"Wolloksapp\".\"Mensajes mas pesados\" [mensajeria.wtest:21]"],"test":"mensajeria.\"Wolloksapp\".\"Mensajes mas pesados\""},{"error":["wollok.lang.MessageNotUnderstoodException: an Usuario does not understand buscar(arg 0)","  at mensajeria.\"Wolloksapp\".\"Buscar\" [mensajeria.wtest:26]"],"test":"mensajeria.\"Wolloksapp\".\"Buscar\""}],"level":"info","message":"ðŸ§ª Test runner executed on c:\\Users\\santi\\Desktop\\ParcialesWollow","result":{"failed":4,"ok":0},"timeElapsed":339,"timestamp":"2024-11-19T20:48:13.537Z"}
